#
# There is insufficient memory for the Java Runtime Environment to continue.
# Native memory allocation (malloc) failed to allocate 1048576 bytes for AllocateHeap
# Possible reasons:
#   The system is out of physical RAM or swap space
#   The process is running with CompressedOops enabled, and the Java Heap may be blocking the growth of the native heap
# Possible solutions:
#   Reduce memory load on the system
#   Increase physical memory or swap space
#   Check if swap backing store is full
#   Decrease Java heap size (-Xmx/-Xms)
#   Decrease number of Java threads
#   Decrease Java thread stack sizes (-Xss)
#   Set larger code cache with -XX:ReservedCodeCacheSize=
#   JVM is running with Unscaled Compressed Oops mode in which the Java heap is
#     placed in the first 4GB address space. The Java Heap base address is the
#     maximum limit for the native heap growth. Please use -XX:HeapBaseMinAddress
#     to set the Java Heap base and to place the Java Heap above 4GB virtual address.
# This output file may be truncated or incomplete.
#
#  Out of Memory Error (memory/allocation.inline.hpp:61), pid=21764, tid=0x0000000000002d2c
#
# JRE version:  (8.0_242-b08) (build )
# Java VM: OpenJDK 64-Bit Server VM (25.242-b08 mixed mode windows-amd64 compressed oops)
# Failed to write core dump. Minidumps are not enabled by default on client versions of Windows
#

---------------  T H R E A D  ---------------

Current thread (0x0000000003168000):  JavaThread "Unknown thread" [_thread_in_vm, id=11564, stack(0x0000000003020000,0x0000000003120000)]

Stack: [0x0000000003020000,0x0000000003120000]
[error occurred during error reporting (printing stack bounds), id 0xc0000005]

Native frames: (J=compiled Java code, j=interpreted, Vv=VM code, C=native code)


---------------  P R O C E S S  ---------------

Java Threads: ( => current thread )

Other Threads:

=>0x0000000003168000 (exited) JavaThread "Unknown thread" [_thread_in_vm, id=11564, stack(0x0000000003020000,0x0000000003120000)]

VM state:not at safepoint (normal execution)

VM Mutex/Monitor currently owned by a thread: None

heap address: 0x0000000082600000, size: 2010 MB, Compressed Oops mode: 32-bit
Narrow klass base: 0x0000000000000000, Narrow klass shift: 3
Compressed class space size: 1073741824 Address: 0x0000000100000000

Heap:
 PSYoungGen      total 37888K, used 655K [0x00000000d6200000, 0x00000000d8c00000, 0x0000000100000000)
  eden space 32768K, 2% used [0x00000000d6200000,0x00000000d62a3d80,0x00000000d8200000)
  from space 5120K, 0% used [0x00000000d8700000,0x00000000d8700000,0x00000000d8c00000)
  to   space 5120K, 0% used [0x00000000d8200000,0x00000000d8200000,0x00000000d8700000)
 ParOldGen       total 86016K, used 0K [0x0000000082600000, 0x0000000087a00000, 0x00000000d6200000)
  object space 86016K, 0% used [0x0000000082600000,0x0000000082600000,0x0000000087a00000)
 Metaspace       used 874K, capacity 4480K, committed 4480K, reserved 1056768K
  class space    used 74K, capacity 384K, committed 384K, reserved 1048576K

Card table byte_map: [0x00000000125e0000,0x00000000129d0000] byte_map_base: 0x00000000121cd000

Marking Bits: (ParMarkBitMap*) 0x000000005a921f30
 Begin Bits: [0x0000000013070000, 0x0000000014fd8000)
 End Bits:   [0x0000000014fd8000, 0x0000000016f40000)

Polling page: 0x0000000000c40000

CodeCache: size=245760Kb used=328Kb max_used=328Kb free=245431Kb
 bounds [0x0000000003220000, 0x0000000003490000, 0x0000000012220000]
 total_blobs=57 nmethods=0 adapters=38
 compilation: enabled

Compilation events (0 events):
No events

GC Heap History (0 events):
No events

Deoptimization events (0 events):
No events

Classes redefined (0 events):
No events

Internal exceptions (0 events):
No events

Events (216 events):
Event: 0.034 loading class java/lang/Object
Event: 0.056 loading class java/lang/Object done
Event: 0.056 loading class java/lang/String
Event: 0.056 loading class java/io/Serializable
Event: 0.056 loading class java/io/Serializable done
Event: 0.056 loading class java/lang/Comparable
Event: 0.056 loading class java/lang/Comparable done
Event: 0.056 loading class java/lang/CharSequence
Event: 0.056 loading class java/lang/CharSequence done
Event: 0.057 loading class java/lang/String done
Event: 0.057 loading class java/lang/Class
Event: 0.058 loading class java/lang/reflect/GenericDeclaration
Event: 0.058 loading class java/lang/reflect/AnnotatedElement
Event: 0.058 loading class java/lang/reflect/AnnotatedElement done
Event: 0.058 loading class java/lang/reflect/GenericDeclaration done
Event: 0.058 loading class java/lang/reflect/Type
Event: 0.058 loading class java/lang/reflect/Type done
Event: 0.060 loading class java/lang/Class done
Event: 0.060 loading class java/lang/Cloneable
Event: 0.061 loading class java/lang/Cloneable done
Event: 0.061 loading class java/lang/ClassLoader
Event: 0.062 loading class java/lang/ClassLoader done
Event: 0.062 loading class java/lang/System
Event: 0.063 loading class java/lang/System done
Event: 0.063 loading class java/lang/Throwable
Event: 0.063 loading class java/lang/Throwable done
Event: 0.063 loading class java/lang/Error
Event: 0.063 loading class java/lang/Error done
Event: 0.063 loading class java/lang/ThreadDeath
Event: 0.064 loading class java/lang/ThreadDeath done
Event: 0.064 loading class java/lang/Exception
Event: 0.064 loading class java/lang/Exception done
Event: 0.064 loading class java/lang/RuntimeException
Event: 0.064 loading class java/lang/RuntimeException done
Event: 0.064 loading class java/lang/SecurityManager
Event: 0.064 loading class java/lang/SecurityManager done
Event: 0.064 loading class java/security/ProtectionDomain
Event: 0.065 loading class java/security/ProtectionDomain done
Event: 0.065 loading class java/security/AccessControlContext
Event: 0.065 loading class java/security/AccessControlContext done
Event: 0.065 loading class java/security/SecureClassLoader
Event: 0.065 loading class java/security/SecureClassLoader done
Event: 0.065 loading class java/lang/ClassNotFoundException
Event: 0.065 loading class java/lang/ReflectiveOperationException
Event: 0.065 loading class java/lang/ReflectiveOperationException done
Event: 0.065 loading class java/lang/ClassNotFoundException done
Event: 0.065 loading class java/lang/NoClassDefFoundError
Event: 0.065 loading class java/lang/LinkageError
Event: 0.065 loading class java/lang/LinkageError done
Event: 0.065 loading class java/lang/NoClassDefFoundError done
Event: 0.065 loading class java/lang/ClassCastException
Event: 0.065 loading class java/lang/ClassCastException done
Event: 0.065 loading class java/lang/ArrayStoreException
Event: 0.066 loading class java/lang/ArrayStoreException done
Event: 0.066 loading class java/lang/VirtualMachineError
Event: 0.066 loading class java/lang/VirtualMachineError done
Event: 0.066 loading class java/lang/OutOfMemoryError
Event: 0.066 loading class java/lang/OutOfMemoryError done
Event: 0.066 loading class java/lang/StackOverflowError
Event: 0.066 loading class java/lang/StackOverflowError done
Event: 0.066 loading class java/lang/IllegalMonitorStateException
Event: 0.066 loading class java/lang/IllegalMonitorStateException done
Event: 0.066 loading class java/lang/ref/Reference
Event: 0.066 loading class java/lang/ref/Reference done
Event: 0.066 loading class java/lang/ref/SoftReference
Event: 0.066 loading class java/lang/ref/SoftReference done
Event: 0.066 loading class java/lang/ref/WeakReference
Event: 0.066 loading class java/lang/ref/WeakReference done
Event: 0.066 loading class java/lang/ref/FinalReference
Event: 0.066 loading class java/lang/ref/FinalReference done
Event: 0.066 loading class java/lang/ref/PhantomReference
Event: 0.066 loading class java/lang/ref/PhantomReference done
Event: 0.066 loading class sun/misc/Cleaner
Event: 0.066 loading class sun/misc/Cleaner done
Event: 0.066 loading class java/lang/ref/Finalizer
Event: 0.066 loading class java/lang/ref/Finalizer done
Event: 0.067 loading class java/lang/ref/ReferenceQueue
Event: 0.067 loading class java/lang/ref/ReferenceQueue done
Event: 0.067 loading class java/lang/Thread
Event: 0.067 loading class java/lang/Runnable
Event: 0.067 loading class java/lang/Runnable done
Event: 0.068 loading class java/lang/Thread done
Event: 0.068 loading class java/lang/ThreadGroup
Event: 0.068 loading class java/lang/Thread$UncaughtExceptionHandler
Event: 0.068 loading class java/lang/Thread$UncaughtExceptionHandler done
Event: 0.068 loading class java/lang/ThreadGroup done
Event: 0.068 loading class java/util/Properties
Event: 0.069 loading class java/util/Hashtable
Event: 0.069 loading class java/util/Map
Event: 0.069 loading class java/util/Map done
Event: 0.070 loading class java/util/Dictionary
Event: 0.070 loading class java/util/Dictionary done
Event: 0.070 loading class java/util/Hashtable done
Event: 0.070 loading class java/util/Properties done
Event: 0.070 loading class java/lang/reflect/AccessibleObject
Event: 0.070 loading class java/lang/reflect/AccessibleObject done
Event: 0.070 loading class java/lang/reflect/Field
Event: 0.070 loading class java/lang/reflect/Member
Event: 0.071 loading class java/lang/reflect/Member done
Event: 0.071 loading class java/lang/reflect/Field done
Event: 0.071 loading class java/lang/reflect/Parameter
Event: 0.071 loading class java/lang/reflect/Parameter done
Event: 0.071 loading class java/lang/reflect/Method
Event: 0.071 loading class java/lang/reflect/Executable
Event: 0.072 loading class java/lang/reflect/Executable done
Event: 0.072 loading class java/lang/reflect/Method done
Event: 0.072 loading class java/lang/reflect/Constructor
Event: 0.072 loading class java/lang/reflect/Constructor done
Event: 0.072 loading class sun/reflect/MagicAccessorImpl
Event: 0.072 loading class sun/reflect/MagicAccessorImpl done
Event: 0.072 loading class sun/reflect/MethodAccessorImpl
Event: 0.072 loading class sun/reflect/MethodAccessor
Event: 0.072 loading class sun/reflect/MethodAccessor done
Event: 0.072 loading class sun/reflect/MethodAccessorImpl done
Event: 0.072 loading class sun/reflect/ConstructorAccessorImpl
Event: 0.072 loading class sun/reflect/ConstructorAccessor
Event: 0.072 loading class sun/reflect/ConstructorAccessor done
Event: 0.072 loading class sun/reflect/ConstructorAccessorImpl done
Event: 0.072 loading class sun/reflect/DelegatingClassLoader
Event: 0.072 loading class sun/reflect/DelegatingClassLoader done
Event: 0.072 loading class sun/reflect/ConstantPool
Event: 0.072 loading class sun/reflect/ConstantPool done
Event: 0.072 loading class sun/reflect/UnsafeStaticFieldAccessorImpl
Event: 0.073 loading class sun/reflect/UnsafeFieldAccessorImpl
Event: 0.073 loading class sun/reflect/FieldAccessorImpl
Event: 0.073 loading class sun/reflect/FieldAccessor
Event: 0.073 loading class sun/reflect/FieldAccessor done
Event: 0.073 loading class sun/reflect/FieldAccessorImpl done
Event: 0.073 loading class sun/reflect/UnsafeFieldAccessorImpl done
Event: 0.073 loading class sun/reflect/UnsafeStaticFieldAccessorImpl done
Event: 0.073 loading class sun/reflect/CallerSensitive
Event: 0.073 loading class java/lang/annotation/Annotation
Event: 0.073 loading class java/lang/annotation/Annotation done
Event: 0.073 loading class sun/reflect/CallerSensitive done
Event: 0.073 loading class java/lang/invoke/DirectMethodHandle
Event: 0.073 loading class java/lang/invoke/MethodHandle
Event: 0.074 loading class java/lang/invoke/MethodHandle done
Event: 0.074 loading class java/lang/invoke/DirectMethodHandle done
Event: 0.074 loading class java/lang/invoke/MemberName
Event: 0.075 loading class java/lang/invoke/MemberName done
Event: 0.075 loading class java/lang/invoke/MethodHandleNatives
Event: 0.075 loading class java/lang/invoke/MethodHandleNatives done
Event: 0.075 loading class java/lang/invoke/LambdaForm
Event: 0.079 loading class java/lang/invoke/LambdaForm done
Event: 0.079 loading class java/lang/invoke/MethodType
Event: 0.082 loading class java/lang/invoke/MethodType done
Event: 0.082 loading class java/lang/BootstrapMethodError
Event: 0.082 loading class java/lang/BootstrapMethodError done
Event: 0.082 loading class java/lang/invoke/CallSite
Event: 0.082 loading class java/lang/invoke/CallSite done
Event: 0.082 loading class java/lang/invoke/ConstantCallSite
Event: 0.082 loading class java/lang/invoke/ConstantCallSite done
Event: 0.082 loading class java/lang/invoke/MutableCallSite
Event: 0.082 loading class java/lang/invoke/MutableCallSite done
Event: 0.082 loading class java/lang/invoke/VolatileCallSite
Event: 0.082 loading class java/lang/invoke/VolatileCallSite done
Event: 0.082 loading class java/lang/StringBuffer
Event: 0.083 loading class java/lang/AbstractStringBuilder
Event: 0.083 loading class java/lang/Appendable
Event: 0.083 loading class java/lang/Appendable done
Event: 0.084 loading class java/lang/AbstractStringBuilder done
Event: 0.084 loading class java/lang/StringBuffer done
Event: 0.084 loading class java/lang/StringBuilder
Event: 0.084 loading class java/lang/StringBuilder done
Event: 0.084 loading class sun/misc/Unsafe
Event: 0.085 loading class sun/misc/Unsafe done
Event: 0.085 loading class java/io/ByteArrayInputStream
Event: 0.085 loading class java/io/InputStream
Event: 0.085 loading class java/io/Closeable
Event: 0.085 loading class java/lang/AutoCloseable
Event: 0.086 loading class java/lang/AutoCloseable done
Event: 0.086 loading class java/io/Closeable done
Event: 0.086 loading class java/io/InputStream done
Event: 0.086 loading class java/io/ByteArrayInputStream done
Event: 0.086 loading class java/io/File
Event: 0.087 loading class java/io/File done
Event: 0.087 loading class java/net/URLClassLoader
Event: 0.088 loading class java/net/URLClassLoader done
Event: 0.088 loading class java/net/URL
Event: 0.088 loading class java/net/URL done
Event: 0.088 loading class java/util/jar/Manifest
Event: 0.089 loading class java/util/jar/Manifest done
Event: 0.089 loading class sun/misc/Launcher
Event: 0.089 loading class sun/misc/Launcher done
Event: 0.089 loading class sun/misc/Launcher$AppClassLoader
Event: 0.089 loading class sun/misc/Launcher$AppClassLoader done
Event: 0.089 loading class sun/misc/Launcher$ExtClassLoader
Event: 0.089 loading class sun/misc/Launcher$ExtClassLoader done
Event: 0.089 loading class java/security/CodeSource
Event: 0.089 loading class java/security/CodeSource done
Event: 0.089 loading class java/lang/StackTraceElement
Event: 0.090 loading class java/lang/StackTraceElement done
Event: 0.090 loading class java/nio/Buffer
Event: 0.090 loading class java/nio/Buffer done
Event: 0.090 loading class java/lang/Boolean
Event: 0.090 loading class java/lang/Boolean done
Event: 0.090 loading class java/lang/Character
Event: 0.091 loading class java/lang/Character done
Event: 0.091 loading class java/lang/Float
Event: 0.091 loading class java/lang/Number
Event: 0.091 loading class java/lang/Number done
Event: 0.091 loading class java/lang/Float done
Event: 0.091 loading class java/lang/Double
Event: 0.091 loading class java/lang/Double done
Event: 0.091 loading class java/lang/Byte
Event: 0.092 loading class java/lang/Byte done
Event: 0.092 loading class java/lang/Short
Event: 0.092 loading class java/lang/Short done
Event: 0.092 loading class java/lang/Integer
Event: 0.092 loading class java/lang/Integer done
Event: 0.092 loading class java/lang/Long
Event: 0.093 loading class java/lang/Long done
Event: 0.094 loading class java/lang/NullPointerException
Event: 0.094 loading class java/lang/NullPointerException done
Event: 0.094 loading class java/lang/ArithmeticException
Event: 0.094 loading class java/lang/ArithmeticException done


Dynamic libraries:
0x00007ff7af800000 - 0x00007ff7af88b000 	C:\Program Files\RedHat\java-1.8.0-openjdk-1.8.0.242-3\jre\bin\java.exe
0x00007ffa4ee80000 - 0x00007ffa4f070000 	C:\WINDOWS\SYSTEM32\ntdll.dll
0x00007ffa4d3c0000 - 0x00007ffa4d472000 	C:\WINDOWS\System32\KERNEL32.DLL
0x00007ffa4c5b0000 - 0x00007ffa4c853000 	C:\WINDOWS\System32\KERNELBASE.dll
0x00007ffa43150000 - 0x00007ffa43220000 	C:\Program Files\Bitdefender Antivirus Free\atcuf\264618562256106360\atcuf64.dll
0x00007ffa4ecc0000 - 0x00007ffa4ed63000 	C:\WINDOWS\System32\ADVAPI32.dll
0x00007ffa4d040000 - 0x00007ffa4d0de000 	C:\WINDOWS\System32\msvcrt.dll
0x00007ffa4e2e0000 - 0x00007ffa4e377000 	C:\WINDOWS\System32\sechost.dll
0x00007ffa4e6b0000 - 0x00007ffa4e7d0000 	C:\WINDOWS\System32\RPCRT4.dll
0x00007ffa4e3b0000 - 0x00007ffa4e544000 	C:\WINDOWS\System32\USER32.dll
0x00007ffa4ca60000 - 0x00007ffa4ca81000 	C:\WINDOWS\System32\win32u.dll
0x00007ffa4d210000 - 0x00007ffa4d236000 	C:\WINDOWS\System32\GDI32.dll
0x00007ffa4ccc0000 - 0x00007ffa4ce54000 	C:\WINDOWS\System32\gdi32full.dll
0x00007ffa4ce90000 - 0x00007ffa4cf2e000 	C:\WINDOWS\System32\msvcp_win.dll
0x00007ffa4caf0000 - 0x00007ffa4cbea000 	C:\WINDOWS\System32\ucrtbase.dll
0x00007ffa2f940000 - 0x00007ffa2fbc5000 	C:\WINDOWS\WinSxS\amd64_microsoft.windows.common-controls_6595b64144ccf1df_6.0.18362.778_none_e6c6b761130d4fb8\COMCTL32.dll
0x00007ffa4e7d0000 - 0x00007ffa4eb06000 	C:\WINDOWS\System32\combase.dll
0x00007ffa4cc40000 - 0x00007ffa4ccc0000 	C:\WINDOWS\System32\bcryptPrimitives.dll
0x00007ffa4cf30000 - 0x00007ffa4cf5e000 	C:\WINDOWS\System32\IMM32.DLL
0x000000005a9b0000 - 0x000000005aa82000 	C:\Program Files\RedHat\java-1.8.0-openjdk-1.8.0.242-3\jre\bin\msvcr100.dll
0x000000005a0e0000 - 0x000000005a9a5000 	C:\Program Files\RedHat\java-1.8.0-openjdk-1.8.0.242-3\jre\bin\server\jvm.dll
0x00007ffa4e3a0000 - 0x00007ffa4e3a8000 	C:\WINDOWS\System32\PSAPI.DLL
0x00007ffa34f00000 - 0x00007ffa34f09000 	C:\WINDOWS\SYSTEM32\WSOCK32.dll
0x00007ffa4d550000 - 0x00007ffa4d5bf000 	C:\WINDOWS\System32\WS2_32.dll
0x00007ffa3e400000 - 0x00007ffa3e424000 	C:\WINDOWS\SYSTEM32\WINMM.dll
0x00007ffa409b0000 - 0x00007ffa409ba000 	C:\WINDOWS\SYSTEM32\VERSION.dll
0x00007ffa3e3d0000 - 0x00007ffa3e3fd000 	C:\WINDOWS\SYSTEM32\WINMMBASE.dll
0x00007ffa4cbf0000 - 0x00007ffa4cc3a000 	C:\WINDOWS\System32\cfgmgr32.dll
0x00007ffa41180000 - 0x00007ffa4118f000 	C:\Program Files\RedHat\java-1.8.0-openjdk-1.8.0.242-3\jre\bin\verify.dll
0x00007ffa3c1a0000 - 0x00007ffa3c1c9000 	C:\Program Files\RedHat\java-1.8.0-openjdk-1.8.0.242-3\jre\bin\java.dll
0x00007ffa3d950000 - 0x00007ffa3d966000 	C:\Program Files\RedHat\java-1.8.0-openjdk-1.8.0.242-3\jre\bin\zip.dll

VM Arguments:
java_command: D:\Bukkit Plugins\VanityMerchant\target\surefire\surefirebooter4858803143744899641.jar D:\Bukkit Plugins\VanityMerchant\target\surefire\surefire8379046060006513494tmp D:\Bukkit Plugins\VanityMerchant\target\surefire\surefire_07520749905151616942tmp
java_class_path (initial): D:\Bukkit Plugins\VanityMerchant\target\surefire\surefirebooter4858803143744899641.jar
Launcher Type: SUN_STANDARD

Environment Variables:
JAVA_HOME=C:\Program Files (x86)\Java\java-se-8u41-ri
PATH=C:/Program Files/Java/jre1.8.0_251/bin/server;C:/Program Files/Java/jre1.8.0_251/bin;C:/Program Files/Java/jre1.8.0_251/lib/amd64;%JAVA_PATH%\bin;C:\Program Files (x86)\Common Files\Oracle\Java\javapath;C:\Program Files (x86)\NVIDIA Corporation\PhysX\Common;C:\WINDOWS\system32;C:\WINDOWS;C:\WINDOWS\System32\Wbem;C:\WINDOWS\System32\WindowsPowerShell\v1.0\;C:\WINDOWS\System32\OpenSSH\;C:\Program Files (x86)\Windows Kits\8.1\Windows Performance Toolkit\;D:\Putty\;C:\Program Files\dotnet\;C:\Program Files\Microsoft SQL Server\130\Tools\Binn\;D:\Git\cmd;C:\Users\Student\AppData\Local\Programs\Python\Python37-32;C:\metasploit-framework\bin\;C:\Go\bin;C:\Program Files (x86)\apache-maven-3.6.3\bin;C:\Program Files\RedHat\java-1.8.0-openjdk-1.8.0.242-3\bin;C:\Program Files\RedHat\java-1.8.0-openjdk-1.8.0.242-3\jre\bin;C:\Program Files (x86)\Java\java-se-8u41-ri\bin;C:\Users\Student\AppData\Local\Programs\Python\Python38-32\Scripts\;C:\Users\Student\AppData\Local\Programs\Python\Python38-32\;C:\Python27\Scripts;C:\Python27;C:\Program Files\MySQL\MySQL Shell 8.0\bin\;C:\Users\Student\AppData\Local\GitHubDesktop\bin;D:\Microsoft VS Code\bin;C:\Users\Student\AppData\Local\Microsoft\WindowsApps;C:\Users\Student\go\bin;;D:\eclipse 2018\eclipse;
USERNAME=Student
OS=Windows_NT
PROCESSOR_IDENTIFIER=Intel64 Family 6 Model 142 Stepping 9, GenuineIntel



---------------  S Y S T E M  ---------------

OS: Windows 10.0 , 64 bit Build 18362 (10.0.18362.778)

CPU:total 4 (initial active 4) (2 cores per cpu, 2 threads per core) family 6 model 142 stepping 9, cmov, cx8, fxsr, mmx, sse, sse2, sse3, ssse3, sse4.1, sse4.2, popcnt, avx, avx2, aes, clmul, erms, 3dnowpref, lzcnt, ht, tsc, tscinvbit, bmi1, bmi2, adx

Memory: 4k page, physical 8232136k(305936k free), swap 23340048k(5688k free)

vm_info: OpenJDK 64-Bit Server VM (25.242-b08) for windows-amd64 JRE (1.8.0_242-b08), built on Jan 18 2020 12:50:42 by "build" with MS VC++ 10.0 (VS2010)

time: Tue Apr 28 23:35:47 2020
timezone: Central Daylight Time
elapsed time: 0 seconds (0d 0h 0m 0s)

